mode: set
github.com/heinrichgrt/pg-operator/controllers/postgres_controller.go:54.48,58.19 3 0
github.com/heinrichgrt/pg-operator/controllers/postgres_controller.go:65.2,70.41 6 0
github.com/heinrichgrt/pg-operator/controllers/postgres_controller.go:58.19,59.20 1 0
github.com/heinrichgrt/pg-operator/controllers/postgres_controller.go:62.3,63.57 2 0
github.com/heinrichgrt/pg-operator/controllers/postgres_controller.go:59.20,60.9 1 0
github.com/heinrichgrt/pg-operator/controllers/postgres_controller.go:70.41,72.3 1 0
github.com/heinrichgrt/pg-operator/controllers/postgres_controller.go:75.46,79.16 4 0
github.com/heinrichgrt/pg-operator/controllers/postgres_controller.go:84.2,84.12 1 0
github.com/heinrichgrt/pg-operator/controllers/postgres_controller.go:79.16,82.3 2 0
github.com/heinrichgrt/pg-operator/controllers/postgres_controller.go:100.100,105.16 5 0
github.com/heinrichgrt/pg-operator/controllers/postgres_controller.go:116.2,123.16 4 0
github.com/heinrichgrt/pg-operator/controllers/postgres_controller.go:129.2,134.16 6 0
github.com/heinrichgrt/pg-operator/controllers/postgres_controller.go:150.2,154.16 5 0
github.com/heinrichgrt/pg-operator/controllers/postgres_controller.go:161.2,161.27 1 0
github.com/heinrichgrt/pg-operator/controllers/postgres_controller.go:105.16,106.29 1 0
github.com/heinrichgrt/pg-operator/controllers/postgres_controller.go:111.3,112.28 2 0
github.com/heinrichgrt/pg-operator/controllers/postgres_controller.go:106.29,109.4 2 0
github.com/heinrichgrt/pg-operator/controllers/postgres_controller.go:123.16,128.3 2 0
github.com/heinrichgrt/pg-operator/controllers/postgres_controller.go:134.16,137.74 3 0
github.com/heinrichgrt/pg-operator/controllers/postgres_controller.go:147.3,147.28 1 0
github.com/heinrichgrt/pg-operator/controllers/postgres_controller.go:137.74,141.18 4 0
github.com/heinrichgrt/pg-operator/controllers/postgres_controller.go:141.18,144.5 2 0
github.com/heinrichgrt/pg-operator/controllers/postgres_controller.go:154.16,157.3 2 0
github.com/heinrichgrt/pg-operator/controllers/postgres_controller.go:165.71,169.2 1 0
github.com/heinrichgrt/pg-operator/controllers/postgresdb_controller.go:52.49,59.16 4 0
github.com/heinrichgrt/pg-operator/controllers/postgresdb_controller.go:63.2,63.18 1 0
github.com/heinrichgrt/pg-operator/controllers/postgresdb_controller.go:59.16,62.3 1 0
github.com/heinrichgrt/pg-operator/controllers/postgresdb_controller.go:65.60,70.2 3 0
github.com/heinrichgrt/pg-operator/controllers/postgresdb_controller.go:72.89,77.2 3 0
github.com/heinrichgrt/pg-operator/controllers/postgresdb_controller.go:78.102,83.16 5 0
github.com/heinrichgrt/pg-operator/controllers/postgresdb_controller.go:92.2,94.16 3 0
github.com/heinrichgrt/pg-operator/controllers/postgresdb_controller.go:98.2,100.27 3 0
github.com/heinrichgrt/pg-operator/controllers/postgresdb_controller.go:83.16,84.29 1 0
github.com/heinrichgrt/pg-operator/controllers/postgresdb_controller.go:89.3,90.28 2 0
github.com/heinrichgrt/pg-operator/controllers/postgresdb_controller.go:84.29,87.4 2 0
github.com/heinrichgrt/pg-operator/controllers/postgresdb_controller.go:94.16,97.3 2 0
github.com/heinrichgrt/pg-operator/controllers/postgresdb_controller.go:104.73,108.2 1 0
